<?xml version="1.0" encoding="UTF-8"?>
<testng-results ignored="0" total="2" passed="2" failed="0" skipped="0">
  <reporter-output>
  </reporter-output>
  <suite started-at="2024-10-04T17:39:00 IST" name="Default suite" finished-at="2024-10-04T17:39:07 IST" duration-ms="6591">
    <groups>
    </groups>
    <test started-at="2024-10-04T17:39:00 IST" name="Default test" finished-at="2024-10-04T17:39:07 IST" duration-ms="6591">
      <class name="Selenium.Project">
        <test-method is-config="true" signature="extentReport()[pri:0, instance:Selenium.Project@4686afc2]" started-at="2024-10-04T17:39:00 IST" name="extentReport" finished-at="2024-10-04T17:39:01 IST" duration-ms="250" status="PASS">
          <reporter-output>
          </reporter-output>
        </test-method> <!-- extentReport -->
        <test-method signature="demo()[pri:0, instance:Selenium.Project@4686afc2]" started-at="2024-10-04T17:39:01 IST" name="demo" finished-at="2024-10-04T17:39:01 IST" duration-ms="8" status="PASS">
          <reporter-output>
          </reporter-output>
        </test-method> <!-- demo -->
        <test-method signature="mainPage()[pri:0, instance:Selenium.Project@4686afc2]" started-at="2024-10-04T17:39:01 IST" name="mainPage" finished-at="2024-10-04T17:39:07 IST" duration-ms="6307" status="PASS">
          <reporter-output>
          </reporter-output>
        </test-method> <!-- mainPage -->
      </class> <!-- Selenium.Project -->
    </test> <!-- Default test -->
  </suite> <!-- Default suite -->
</testng-results>
